<?xml version="1.0" encoding="UTF-8"?>
<!-- Generated by org.testng.reporters.JUnitXMLReporter -->
<testsuite ignored="0" hostname="pavanis-Air" failures="1" tests="2" name="Test" time="34.353" errors="0" timestamp="2021-09-17T17:15:28 CDT">
  <testcase classname="com.crm.qa.testcases.DealsPageTest" name="verifyDealsLabelTest" time="0.088"/>
  <testcase classname="com.crm.qa.testcases.DealsPageTest" name="verifyDealIdTest" time="2.069">
    <failure type="java.lang.ClassCastException" message="class org.openqa.selenium.support.events.EventFiringWebDriver$EventFiringWebElement cannot be cast to class org.openqa.selenium.By (org.openqa.selenium.support.events.EventFiringWebDriver$EventFiringWebElement and org.openqa.selenium.By are in unnamed module of loader &amp;apos;app&amp;apos;)">
      <![CDATA[java.lang.ClassCastException: class org.openqa.selenium.support.events.EventFiringWebDriver$EventFiringWebElement cannot be cast to class org.openqa.selenium.By (org.openqa.selenium.support.events.EventFiringWebDriver$EventFiringWebElement and org.openqa.selenium.By are in unnamed module of loader 'app')
at com.crm.qa.pages.DealsPage.verifyDealId(DealsPage.java:27)
at com.crm.qa.testcases.DealsPageTest.verifyDealIdTest(DealsPageTest.java:42)
at java.base/java.util.ArrayList.forEach(ArrayList.java:1511)
... Removed 27 stack frames]]>
    </failure>
  </testcase> <!-- verifyDealIdTest -->
</testsuite> <!-- Test -->
